[INFO  - 2017-07-29T19:18:32.597Z] GhostDriver - Main - running on port 10628
[INFO  - 2017-07-29T19:18:39.175Z] Session [b9ef89a0-7492-11e7-bec3-4f8d4f7eee25] - page.settings - {"XSSAuditingEnabled":false,"javascriptCanCloseWindows":true,"javascriptCanOpenWindows":true,"javascriptEnabled":true,"loadImages":true,"localToRemoteUrlAccessEnabled":false,"userAgent":"Mozilla/5.0 (Windows NT 6.1; WOW64) AppleWebKit/538.1 (KHTML, like Gecko) PhantomJS/2.1.1 Safari/538.1","webSecurityEnabled":true}
[INFO  - 2017-07-29T19:18:39.175Z] Session [b9ef89a0-7492-11e7-bec3-4f8d4f7eee25] - page.customHeaders:  - {}
[INFO  - 2017-07-29T19:18:39.176Z] Session [b9ef89a0-7492-11e7-bec3-4f8d4f7eee25] - Session.negotiatedCapabilities - {"browserName":"phantomjs","version":"2.1.1","driverName":"ghostdriver","driverVersion":"1.2.0","platform":"windows-7-32bit","javascriptEnabled":true,"takesScreenshot":true,"handlesAlerts":false,"databaseEnabled":false,"locationContextEnabled":false,"applicationCacheEnabled":false,"browserConnectionEnabled":false,"cssSelectorsEnabled":true,"webStorageEnabled":false,"rotatable":false,"acceptSslCerts":false,"nativeEvents":true,"proxy":{"proxyType":"direct"}}
[INFO  - 2017-07-29T19:18:39.176Z] SessionManagerReqHand - _postNewSessionCommand - New Session Created: b9ef89a0-7492-11e7-bec3-4f8d4f7eee25
[INFO  - 2017-07-29T19:18:42.526Z] ShutdownReqHand - _handle - About to shutdown
[INFO  - 2017-07-29T19:19:20.643Z] GhostDriver - Main - running on port 19337
[INFO  - 2017-07-29T19:19:21.411Z] Session [d31d4ed0-7492-11e7-b743-bb430977e620] - page.settings - {"XSSAuditingEnabled":false,"javascriptCanCloseWindows":true,"javascriptCanOpenWindows":true,"javascriptEnabled":true,"loadImages":true,"localToRemoteUrlAccessEnabled":false,"userAgent":"Mozilla/5.0 (Windows NT 6.1; WOW64) AppleWebKit/538.1 (KHTML, like Gecko) PhantomJS/2.1.1 Safari/538.1","webSecurityEnabled":true}
[INFO  - 2017-07-29T19:19:21.411Z] Session [d31d4ed0-7492-11e7-b743-bb430977e620] - page.customHeaders:  - {}
[INFO  - 2017-07-29T19:19:21.411Z] Session [d31d4ed0-7492-11e7-b743-bb430977e620] - Session.negotiatedCapabilities - {"browserName":"phantomjs","version":"2.1.1","driverName":"ghostdriver","driverVersion":"1.2.0","platform":"windows-7-32bit","javascriptEnabled":true,"takesScreenshot":true,"handlesAlerts":false,"databaseEnabled":false,"locationContextEnabled":false,"applicationCacheEnabled":false,"browserConnectionEnabled":false,"cssSelectorsEnabled":true,"webStorageEnabled":false,"rotatable":false,"acceptSslCerts":false,"nativeEvents":true,"proxy":{"proxyType":"direct"}}
[INFO  - 2017-07-29T19:19:21.412Z] SessionManagerReqHand - _postNewSessionCommand - New Session Created: d31d4ed0-7492-11e7-b743-bb430977e620
[INFO  - 2017-07-29T19:19:24.388Z] ShutdownReqHand - _handle - About to shutdown
[INFO  - 2017-07-30T15:57:51.068Z] GhostDriver - Main - running on port 13252
[INFO  - 2017-07-30T15:57:53.276Z] Session [d86fbb40-753f-11e7-a171-036aa31438ac] - page.settings - {"XSSAuditingEnabled":false,"javascriptCanCloseWindows":true,"javascriptCanOpenWindows":true,"javascriptEnabled":true,"loadImages":true,"localToRemoteUrlAccessEnabled":false,"userAgent":"Mozilla/5.0 (Windows NT 6.1; WOW64) AppleWebKit/538.1 (KHTML, like Gecko) PhantomJS/2.1.1 Safari/538.1","webSecurityEnabled":true}
[INFO  - 2017-07-30T15:57:53.276Z] Session [d86fbb40-753f-11e7-a171-036aa31438ac] - page.customHeaders:  - {}
[INFO  - 2017-07-30T15:57:53.276Z] Session [d86fbb40-753f-11e7-a171-036aa31438ac] - Session.negotiatedCapabilities - {"browserName":"phantomjs","version":"2.1.1","driverName":"ghostdriver","driverVersion":"1.2.0","platform":"windows-7-32bit","javascriptEnabled":true,"takesScreenshot":true,"handlesAlerts":false,"databaseEnabled":false,"locationContextEnabled":false,"applicationCacheEnabled":false,"browserConnectionEnabled":false,"cssSelectorsEnabled":true,"webStorageEnabled":false,"rotatable":false,"acceptSslCerts":false,"nativeEvents":true,"proxy":{"proxyType":"direct"}}
[INFO  - 2017-07-30T15:57:53.276Z] SessionManagerReqHand - _postNewSessionCommand - New Session Created: d86fbb40-753f-11e7-a171-036aa31438ac
[INFO  - 2017-07-30T15:57:57.110Z] ShutdownReqHand - _handle - About to shutdown
[INFO  - 2017-07-30T19:35:46.492Z] GhostDriver - Main - running on port 26129
[INFO  - 2017-07-30T19:35:47.065Z] Session [4905ec30-755e-11e7-83ba-952b6029270d] - page.settings - {"XSSAuditingEnabled":false,"javascriptCanCloseWindows":true,"javascriptCanOpenWindows":true,"javascriptEnabled":true,"loadImages":true,"localToRemoteUrlAccessEnabled":false,"userAgent":"Mozilla/5.0 (Windows NT 6.1; WOW64) AppleWebKit/538.1 (KHTML, like Gecko) PhantomJS/2.1.1 Safari/538.1","webSecurityEnabled":true}
[INFO  - 2017-07-30T19:35:47.066Z] Session [4905ec30-755e-11e7-83ba-952b6029270d] - page.customHeaders:  - {}
[INFO  - 2017-07-30T19:35:47.066Z] Session [4905ec30-755e-11e7-83ba-952b6029270d] - Session.negotiatedCapabilities - {"browserName":"phantomjs","version":"2.1.1","driverName":"ghostdriver","driverVersion":"1.2.0","platform":"windows-7-32bit","javascriptEnabled":true,"takesScreenshot":true,"handlesAlerts":false,"databaseEnabled":false,"locationContextEnabled":false,"applicationCacheEnabled":false,"browserConnectionEnabled":false,"cssSelectorsEnabled":true,"webStorageEnabled":false,"rotatable":false,"acceptSslCerts":false,"nativeEvents":true,"proxy":{"proxyType":"direct"}}
[INFO  - 2017-07-30T19:35:47.066Z] SessionManagerReqHand - _postNewSessionCommand - New Session Created: 4905ec30-755e-11e7-83ba-952b6029270d
[INFO  - 2017-07-30T19:35:51.150Z] ShutdownReqHand - _handle - About to shutdown
[INFO  - 2017-07-30T19:40:57.454Z] GhostDriver - Main - running on port 1714
[INFO  - 2017-07-30T19:40:58.337Z] Session [028e42b0-755f-11e7-9361-d3e611d6fb6e] - page.settings - {"XSSAuditingEnabled":false,"javascriptCanCloseWindows":true,"javascriptCanOpenWindows":true,"javascriptEnabled":true,"loadImages":true,"localToRemoteUrlAccessEnabled":false,"userAgent":"Mozilla/5.0 (Windows NT 6.1; WOW64) AppleWebKit/538.1 (KHTML, like Gecko) PhantomJS/2.1.1 Safari/538.1","webSecurityEnabled":true}
[INFO  - 2017-07-30T19:40:58.337Z] Session [028e42b0-755f-11e7-9361-d3e611d6fb6e] - page.customHeaders:  - {}
[INFO  - 2017-07-30T19:40:58.337Z] Session [028e42b0-755f-11e7-9361-d3e611d6fb6e] - Session.negotiatedCapabilities - {"browserName":"phantomjs","version":"2.1.1","driverName":"ghostdriver","driverVersion":"1.2.0","platform":"windows-7-32bit","javascriptEnabled":true,"takesScreenshot":true,"handlesAlerts":false,"databaseEnabled":false,"locationContextEnabled":false,"applicationCacheEnabled":false,"browserConnectionEnabled":false,"cssSelectorsEnabled":true,"webStorageEnabled":false,"rotatable":false,"acceptSslCerts":false,"nativeEvents":true,"proxy":{"proxyType":"direct"}}
[INFO  - 2017-07-30T19:40:58.338Z] SessionManagerReqHand - _postNewSessionCommand - New Session Created: 028e42b0-755f-11e7-9361-d3e611d6fb6e
[INFO  - 2017-07-30T19:41:01.329Z] ShutdownReqHand - _handle - About to shutdown
[INFO  - 2017-07-30T19:42:20.343Z] GhostDriver - Main - running on port 34085
[INFO  - 2017-07-30T19:42:20.858Z] Session [33bdf740-755f-11e7-9721-993226193f59] - page.settings - {"XSSAuditingEnabled":false,"javascriptCanCloseWindows":true,"javascriptCanOpenWindows":true,"javascriptEnabled":true,"loadImages":true,"localToRemoteUrlAccessEnabled":false,"userAgent":"Mozilla/5.0 (Windows NT 6.1; WOW64) AppleWebKit/538.1 (KHTML, like Gecko) PhantomJS/2.1.1 Safari/538.1","webSecurityEnabled":true}
[INFO  - 2017-07-30T19:42:20.858Z] Session [33bdf740-755f-11e7-9721-993226193f59] - page.customHeaders:  - {}
[INFO  - 2017-07-30T19:42:20.863Z] Session [33bdf740-755f-11e7-9721-993226193f59] - Session.negotiatedCapabilities - {"browserName":"phantomjs","version":"2.1.1","driverName":"ghostdriver","driverVersion":"1.2.0","platform":"windows-7-32bit","javascriptEnabled":true,"takesScreenshot":true,"handlesAlerts":false,"databaseEnabled":false,"locationContextEnabled":false,"applicationCacheEnabled":false,"browserConnectionEnabled":false,"cssSelectorsEnabled":true,"webStorageEnabled":false,"rotatable":false,"acceptSslCerts":false,"nativeEvents":true,"proxy":{"proxyType":"direct"}}
[INFO  - 2017-07-30T19:42:20.863Z] SessionManagerReqHand - _postNewSessionCommand - New Session Created: 33bdf740-755f-11e7-9721-993226193f59
[INFO  - 2017-07-30T19:42:23.972Z] ShutdownReqHand - _handle - About to shutdown
[INFO  - 2017-07-31T15:38:52.454Z] GhostDriver - Main - running on port 4166
[INFO  - 2017-07-31T15:38:54.442Z] Session [5c0d3420-7606-11e7-b1b8-0de88f43df7c] - page.settings - {"XSSAuditingEnabled":false,"javascriptCanCloseWindows":true,"javascriptCanOpenWindows":true,"javascriptEnabled":true,"loadImages":true,"localToRemoteUrlAccessEnabled":false,"userAgent":"Mozilla/5.0 (Windows NT 6.1; WOW64) AppleWebKit/538.1 (KHTML, like Gecko) PhantomJS/2.1.1 Safari/538.1","webSecurityEnabled":true}
[INFO  - 2017-07-31T15:38:54.442Z] Session [5c0d3420-7606-11e7-b1b8-0de88f43df7c] - page.customHeaders:  - {}
[INFO  - 2017-07-31T15:38:54.442Z] Session [5c0d3420-7606-11e7-b1b8-0de88f43df7c] - Session.negotiatedCapabilities - {"browserName":"phantomjs","version":"2.1.1","driverName":"ghostdriver","driverVersion":"1.2.0","platform":"windows-7-32bit","javascriptEnabled":true,"takesScreenshot":true,"handlesAlerts":false,"databaseEnabled":false,"locationContextEnabled":false,"applicationCacheEnabled":false,"browserConnectionEnabled":false,"cssSelectorsEnabled":true,"webStorageEnabled":false,"rotatable":false,"acceptSslCerts":false,"nativeEvents":true,"proxy":{"proxyType":"direct"}}
[INFO  - 2017-07-31T15:38:54.442Z] SessionManagerReqHand - _postNewSessionCommand - New Session Created: 5c0d3420-7606-11e7-b1b8-0de88f43df7c
[INFO  - 2017-07-31T15:38:58.486Z] ShutdownReqHand - _handle - About to shutdown
[INFO  - 2017-08-02T18:08:22.931Z] GhostDriver - Main - running on port 23506
[INFO  - 2017-08-02T18:08:25.196Z] Session [93dcd420-77ad-11e7-9772-23eafd791f97] - page.settings - {"XSSAuditingEnabled":false,"javascriptCanCloseWindows":true,"javascriptCanOpenWindows":true,"javascriptEnabled":true,"loadImages":true,"localToRemoteUrlAccessEnabled":false,"userAgent":"Mozilla/5.0 (Windows NT 6.1; WOW64) AppleWebKit/538.1 (KHTML, like Gecko) PhantomJS/2.1.1 Safari/538.1","webSecurityEnabled":true}
[INFO  - 2017-08-02T18:08:25.196Z] Session [93dcd420-77ad-11e7-9772-23eafd791f97] - page.customHeaders:  - {}
[INFO  - 2017-08-02T18:08:25.197Z] Session [93dcd420-77ad-11e7-9772-23eafd791f97] - Session.negotiatedCapabilities - {"browserName":"phantomjs","version":"2.1.1","driverName":"ghostdriver","driverVersion":"1.2.0","platform":"windows-7-32bit","javascriptEnabled":true,"takesScreenshot":true,"handlesAlerts":false,"databaseEnabled":false,"locationContextEnabled":false,"applicationCacheEnabled":false,"browserConnectionEnabled":false,"cssSelectorsEnabled":true,"webStorageEnabled":false,"rotatable":false,"acceptSslCerts":false,"nativeEvents":true,"proxy":{"proxyType":"direct"}}
[INFO  - 2017-08-02T18:08:25.197Z] SessionManagerReqHand - _postNewSessionCommand - New Session Created: 93dcd420-77ad-11e7-9772-23eafd791f97
[INFO  - 2017-08-02T18:08:29.133Z] ShutdownReqHand - _handle - About to shutdown
[INFO  - 2017-08-02T18:13:04.169Z] GhostDriver - Main - running on port 9625
[INFO  - 2017-08-02T18:13:04.950Z] Session [3a9c5bf0-77ae-11e7-829d-27acef3f3774] - page.settings - {"XSSAuditingEnabled":false,"javascriptCanCloseWindows":true,"javascriptCanOpenWindows":true,"javascriptEnabled":true,"loadImages":true,"localToRemoteUrlAccessEnabled":false,"userAgent":"Mozilla/5.0 (Windows NT 6.1; WOW64) AppleWebKit/538.1 (KHTML, like Gecko) PhantomJS/2.1.1 Safari/538.1","webSecurityEnabled":true}
[INFO  - 2017-08-02T18:13:04.950Z] Session [3a9c5bf0-77ae-11e7-829d-27acef3f3774] - page.customHeaders:  - {}
[INFO  - 2017-08-02T18:13:04.950Z] Session [3a9c5bf0-77ae-11e7-829d-27acef3f3774] - Session.negotiatedCapabilities - {"browserName":"phantomjs","version":"2.1.1","driverName":"ghostdriver","driverVersion":"1.2.0","platform":"windows-7-32bit","javascriptEnabled":true,"takesScreenshot":true,"handlesAlerts":false,"databaseEnabled":false,"locationContextEnabled":false,"applicationCacheEnabled":false,"browserConnectionEnabled":false,"cssSelectorsEnabled":true,"webStorageEnabled":false,"rotatable":false,"acceptSslCerts":false,"nativeEvents":true,"proxy":{"proxyType":"direct"}}
[INFO  - 2017-08-02T18:13:04.950Z] SessionManagerReqHand - _postNewSessionCommand - New Session Created: 3a9c5bf0-77ae-11e7-829d-27acef3f3774
[INFO  - 2017-08-02T18:15:17.966Z] ShutdownReqHand - _handle - About to shutdown
[INFO  - 2017-08-02T18:17:36.989Z] GhostDriver - Main - running on port 38218
[INFO  - 2017-08-02T18:17:39.121Z] Session [de0788a0-77ae-11e7-8ee2-f303feabdf75] - page.settings - {"XSSAuditingEnabled":false,"javascriptCanCloseWindows":true,"javascriptCanOpenWindows":true,"javascriptEnabled":true,"loadImages":true,"localToRemoteUrlAccessEnabled":false,"userAgent":"Mozilla/5.0 (Windows NT 6.1; WOW64) AppleWebKit/538.1 (KHTML, like Gecko) PhantomJS/2.1.1 Safari/538.1","webSecurityEnabled":true}
[INFO  - 2017-08-02T18:17:39.121Z] Session [de0788a0-77ae-11e7-8ee2-f303feabdf75] - page.customHeaders:  - {}
[INFO  - 2017-08-02T18:17:39.122Z] Session [de0788a0-77ae-11e7-8ee2-f303feabdf75] - Session.negotiatedCapabilities - {"browserName":"phantomjs","version":"2.1.1","driverName":"ghostdriver","driverVersion":"1.2.0","platform":"windows-7-32bit","javascriptEnabled":true,"takesScreenshot":true,"handlesAlerts":false,"databaseEnabled":false,"locationContextEnabled":false,"applicationCacheEnabled":false,"browserConnectionEnabled":false,"cssSelectorsEnabled":true,"webStorageEnabled":false,"rotatable":false,"acceptSslCerts":false,"nativeEvents":true,"proxy":{"proxyType":"direct"}}
[INFO  - 2017-08-02T18:17:39.122Z] SessionManagerReqHand - _postNewSessionCommand - New Session Created: de0788a0-77ae-11e7-8ee2-f303feabdf75
[INFO  - 2017-08-02T18:19:46.981Z] ShutdownReqHand - _handle - About to shutdown
[INFO  - 2017-08-02T18:48:54.102Z] GhostDriver - Main - running on port 33374
[INFO  - 2017-08-02T18:48:59.004Z] Session [3e869c30-77b3-11e7-968c-65529247c504] - page.settings - {"XSSAuditingEnabled":false,"javascriptCanCloseWindows":true,"javascriptCanOpenWindows":true,"javascriptEnabled":true,"loadImages":true,"localToRemoteUrlAccessEnabled":false,"userAgent":"Mozilla/5.0 (Windows NT 6.1; WOW64) AppleWebKit/538.1 (KHTML, like Gecko) PhantomJS/2.1.1 Safari/538.1","webSecurityEnabled":true}
[INFO  - 2017-08-02T18:48:59.004Z] Session [3e869c30-77b3-11e7-968c-65529247c504] - page.customHeaders:  - {}
[INFO  - 2017-08-02T18:48:59.004Z] Session [3e869c30-77b3-11e7-968c-65529247c504] - Session.negotiatedCapabilities - {"browserName":"phantomjs","version":"2.1.1","driverName":"ghostdriver","driverVersion":"1.2.0","platform":"windows-7-32bit","javascriptEnabled":true,"takesScreenshot":true,"handlesAlerts":false,"databaseEnabled":false,"locationContextEnabled":false,"applicationCacheEnabled":false,"browserConnectionEnabled":false,"cssSelectorsEnabled":true,"webStorageEnabled":false,"rotatable":false,"acceptSslCerts":false,"nativeEvents":true,"proxy":{"proxyType":"direct"}}
[INFO  - 2017-08-02T18:48:59.004Z] SessionManagerReqHand - _postNewSessionCommand - New Session Created: 3e869c30-77b3-11e7-968c-65529247c504
[INFO  - 2017-08-02T18:49:17.339Z] ShutdownReqHand - _handle - About to shutdown
[INFO  - 2017-08-02T19:10:18.567Z] GhostDriver - Main - running on port 11789
[INFO  - 2017-08-02T19:10:21.388Z] Session [3ae244f0-77b6-11e7-9a7b-1783285a9284] - page.settings - {"XSSAuditingEnabled":false,"javascriptCanCloseWindows":true,"javascriptCanOpenWindows":true,"javascriptEnabled":true,"loadImages":true,"localToRemoteUrlAccessEnabled":false,"userAgent":"Mozilla/5.0 (Windows NT 6.1; WOW64) AppleWebKit/538.1 (KHTML, like Gecko) PhantomJS/2.1.1 Safari/538.1","webSecurityEnabled":true}
[INFO  - 2017-08-02T19:10:21.389Z] Session [3ae244f0-77b6-11e7-9a7b-1783285a9284] - page.customHeaders:  - {}
[INFO  - 2017-08-02T19:10:21.389Z] Session [3ae244f0-77b6-11e7-9a7b-1783285a9284] - Session.negotiatedCapabilities - {"browserName":"phantomjs","version":"2.1.1","driverName":"ghostdriver","driverVersion":"1.2.0","platform":"windows-7-32bit","javascriptEnabled":true,"takesScreenshot":true,"handlesAlerts":false,"databaseEnabled":false,"locationContextEnabled":false,"applicationCacheEnabled":false,"browserConnectionEnabled":false,"cssSelectorsEnabled":true,"webStorageEnabled":false,"rotatable":false,"acceptSslCerts":false,"nativeEvents":true,"proxy":{"proxyType":"direct"}}
[INFO  - 2017-08-02T19:10:21.389Z] SessionManagerReqHand - _postNewSessionCommand - New Session Created: 3ae244f0-77b6-11e7-9a7b-1783285a9284
[INFO  - 2017-08-02T19:10:25.138Z] ShutdownReqHand - _handle - About to shutdown
[INFO  - 2017-08-02T19:10:29.405Z] GhostDriver - Main - running on port 5570
[INFO  - 2017-08-02T19:10:30.059Z] Session [400dd110-77b6-11e7-99a0-13ca6dd119ab] - page.settings - {"XSSAuditingEnabled":false,"javascriptCanCloseWindows":true,"javascriptCanOpenWindows":true,"javascriptEnabled":true,"loadImages":true,"localToRemoteUrlAccessEnabled":false,"userAgent":"Mozilla/5.0 (Windows NT 6.1; WOW64) AppleWebKit/538.1 (KHTML, like Gecko) PhantomJS/2.1.1 Safari/538.1","webSecurityEnabled":true}
[INFO  - 2017-08-02T19:10:30.060Z] Session [400dd110-77b6-11e7-99a0-13ca6dd119ab] - page.customHeaders:  - {}
[INFO  - 2017-08-02T19:10:30.060Z] Session [400dd110-77b6-11e7-99a0-13ca6dd119ab] - Session.negotiatedCapabilities - {"browserName":"phantomjs","version":"2.1.1","driverName":"ghostdriver","driverVersion":"1.2.0","platform":"windows-7-32bit","javascriptEnabled":true,"takesScreenshot":true,"handlesAlerts":false,"databaseEnabled":false,"locationContextEnabled":false,"applicationCacheEnabled":false,"browserConnectionEnabled":false,"cssSelectorsEnabled":true,"webStorageEnabled":false,"rotatable":false,"acceptSslCerts":false,"nativeEvents":true,"proxy":{"proxyType":"direct"}}
[INFO  - 2017-08-02T19:10:30.060Z] SessionManagerReqHand - _postNewSessionCommand - New Session Created: 400dd110-77b6-11e7-99a0-13ca6dd119ab
[INFO  - 2017-08-02T19:10:34.016Z] ShutdownReqHand - _handle - About to shutdown
[INFO  - 2017-08-02T19:13:40.768Z] GhostDriver - Main - running on port 26181
[INFO  - 2017-08-02T19:13:41.464Z] Session [b2248320-77b6-11e7-a378-5d01058fc180] - page.settings - {"XSSAuditingEnabled":false,"javascriptCanCloseWindows":true,"javascriptCanOpenWindows":true,"javascriptEnabled":true,"loadImages":true,"localToRemoteUrlAccessEnabled":false,"userAgent":"Mozilla/5.0 (Windows NT 6.1; WOW64) AppleWebKit/538.1 (KHTML, like Gecko) PhantomJS/2.1.1 Safari/538.1","webSecurityEnabled":true}
[INFO  - 2017-08-02T19:13:41.465Z] Session [b2248320-77b6-11e7-a378-5d01058fc180] - page.customHeaders:  - {}
[INFO  - 2017-08-02T19:13:41.465Z] Session [b2248320-77b6-11e7-a378-5d01058fc180] - Session.negotiatedCapabilities - {"browserName":"phantomjs","version":"2.1.1","driverName":"ghostdriver","driverVersion":"1.2.0","platform":"windows-7-32bit","javascriptEnabled":true,"takesScreenshot":true,"handlesAlerts":false,"databaseEnabled":false,"locationContextEnabled":false,"applicationCacheEnabled":false,"browserConnectionEnabled":false,"cssSelectorsEnabled":true,"webStorageEnabled":false,"rotatable":false,"acceptSslCerts":false,"nativeEvents":true,"proxy":{"proxyType":"direct"}}
[INFO  - 2017-08-02T19:13:41.465Z] SessionManagerReqHand - _postNewSessionCommand - New Session Created: b2248320-77b6-11e7-a378-5d01058fc180
[INFO  - 2017-08-02T19:13:44.486Z] ShutdownReqHand - _handle - About to shutdown
[INFO  - 2017-08-02T19:13:46.976Z] GhostDriver - Main - running on port 44128
[INFO  - 2017-08-02T19:13:47.413Z] Session [b5afccc0-77b6-11e7-a674-9d4b516002b0] - page.settings - {"XSSAuditingEnabled":false,"javascriptCanCloseWindows":true,"javascriptCanOpenWindows":true,"javascriptEnabled":true,"loadImages":true,"localToRemoteUrlAccessEnabled":false,"userAgent":"Mozilla/5.0 (Windows NT 6.1; WOW64) AppleWebKit/538.1 (KHTML, like Gecko) PhantomJS/2.1.1 Safari/538.1","webSecurityEnabled":true}
[INFO  - 2017-08-02T19:13:47.414Z] Session [b5afccc0-77b6-11e7-a674-9d4b516002b0] - page.customHeaders:  - {}
[INFO  - 2017-08-02T19:13:47.414Z] Session [b5afccc0-77b6-11e7-a674-9d4b516002b0] - Session.negotiatedCapabilities - {"browserName":"phantomjs","version":"2.1.1","driverName":"ghostdriver","driverVersion":"1.2.0","platform":"windows-7-32bit","javascriptEnabled":true,"takesScreenshot":true,"handlesAlerts":false,"databaseEnabled":false,"locationContextEnabled":false,"applicationCacheEnabled":false,"browserConnectionEnabled":false,"cssSelectorsEnabled":true,"webStorageEnabled":false,"rotatable":false,"acceptSslCerts":false,"nativeEvents":true,"proxy":{"proxyType":"direct"}}
[INFO  - 2017-08-02T19:13:47.414Z] SessionManagerReqHand - _postNewSessionCommand - New Session Created: b5afccc0-77b6-11e7-a674-9d4b516002b0
[INFO  - 2017-08-02T19:13:50.703Z] ShutdownReqHand - _handle - About to shutdown
